{"logTime": "1223/153431", "correlationVector":"9NdJ034cHjB89N27pbOFoC.1","action":"SyncServerConnectionManagerRequest", "result":"SYNC_SERVER_OK", "context":{"environment":"Prod_WestEurope_000l", "migrationStage":"NotStarted", "server":"GENERAL0100000J"}}
{"logTime": "1223/153431", "correlationVector":"9NdJ034cHjB89N27pbOFoC","action":"Initial GetUpdates", "result":"", "context":Reason: NEW_CLIENT. cV=9NdJ034cHjB89N27pbOFoC}
{"logTime": "1223/153431", "correlationVector":"9NdJ034cHjB89N27pbOFoC.2","action":"GetUpdates Response", "result":"SYNCER_OK", "context":Received 1 update(s). cV=9NdJ034cHjB89N27pbOFoC.0;server=GENERAL0100000J;cloudType=Consumer;environment=Prod_WestEurope_000l;migrationStage=NotStarted}
{"logTime": "1223/153431", "correlationVector":"GCWn12MsLixMVkyLtOyTOw","action":"SyncServerConnectionManagerRequest", "result":"SYNC_SERVER_OK", "context":{"environment":"", "migrationStage":"", "server":""}}
{"logTime": "1223/153431", "correlationVector":"WF7QEl8dY086CHdOUcDJYh","action":"Initial GetUpdates", "result":"", "context":Reason: NEW_CLIENT. cV=WF7QEl8dY086CHdOUcDJYh}
{"logTime": "1223/153432", "correlationVector":"WF7QEl8dY086CHdOUcDJYh.1","action":"SyncServerConnectionManagerRequest", "result":"SYNC_SERVER_OK", "context":{"environment":"Prod_WestEurope_000l", "migrationStage":"NotStarted", "server":"GENERAL0100000L"}}
{"logTime": "1223/153432", "correlationVector":"WF7QEl8dY086CHdOUcDJYh.2","action":"GetUpdates Response", "result":"SYNCER_OK", "context":Received 3 update(s). cV=WF7QEl8dY086CHdOUcDJYh.0;server=GENERAL0100000L;cloudType=Consumer;environment=Prod_WestEurope_000l;migrationStage=NotStarted}
{"logTime": "1223/153432", "correlationVector":"XjhvUdHqRvLCZW+PrQWPSJ","action":"Normal GetUpdate request", "result":"", "context":cV=XjhvUdHqRvLCZW+PrQWPSJ
Nudged types: Device Info, User Consents
Refresh requested types: Device Info, User Consents, Send Tab To Self, Encryption Keys}
{"logTime": "1223/153432", "correlationVector":"XjhvUdHqRvLCZW+PrQWPSJ.1","action":"SyncServerConnectionManagerRequest", "result":"SYNC_SERVER_OK", "context":{"environment":"Prod_WestEurope_000l", "migrationStage":"NotStarted", "server":"GENERAL01000020"}}
{"logTime": "1223/153432", "correlationVector":"XjhvUdHqRvLCZW+PrQWPSJ.2","action":"GetUpdates Response", "result":"SYNCER_OK", "context":Received 0 update(s). cV=XjhvUdHqRvLCZW+PrQWPSJ.0;server=GENERAL01000020;cloudType=Consumer;environment=Prod_WestEurope_000l;migrationStage=NotStarted}
{"logTime": "1223/153432", "correlationVector":"S3nwvmMcJlAzQ5HX7VEgfd","action":"Commit Request", "result":"", "context":Item count: 1
Contributing types: Device Info}
{"logTime": "1223/153432", "correlationVector":"S3nwvmMcJlAzQ5HX7VEgfd.1","action":"SyncServerConnectionManagerRequest", "result":"SYNC_SERVER_OK", "context":{"environment":"Prod_WestEurope_000l", "migrationStage":"NotStarted", "server":"GENERAL01000005"}}
{"logTime": "1223/153432", "correlationVector":"S3nwvmMcJlAzQ5HX7VEgfd.2","action":"Commit Response", "result":"SYNCER_OK", "context":Result: SYNCER_OK. cV=S3nwvmMcJlAzQ5HX7VEgfd.0;server=GENERAL01000005;cloudType=Consumer;environment=Prod_WestEurope_000l;migrationStage=NotStarted}
{"logTime": "1223/153432", "correlationVector":"y4mc/4ac4yzGgqizvAMqBI","action":"Commit Request", "result":"", "context":Item count: 1
Contributing types: User Consents}
{"logTime": "1223/153433", "correlationVector":"y4mc/4ac4yzGgqizvAMqBI.1","action":"SyncServerConnectionManagerRequest", "result":"SYNC_SERVER_OK", "context":{"environment":"Prod_WestEurope_000l", "migrationStage":"NotStarted", "server":"GENERAL01000017"}}
{"logTime": "1223/153433", "correlationVector":"y4mc/4ac4yzGgqizvAMqBI.2","action":"Commit Response", "result":"SYNCER_OK", "context":Result: SYNCER_OK. cV=y4mc/4ac4yzGgqizvAMqBI.0;server=GENERAL01000017;cloudType=Consumer;environment=Prod_WestEurope_000l;migrationStage=NotStarted}
{"logTime": "1223/153433", "correlationVector":"6dN7s1iv5irFk10AIui1xx","action":"Normal GetUpdate request", "result":"", "context":cV=6dN7s1iv5irFk10AIui1xx
Nudged types: Device Info}
{"logTime": "1223/153433", "correlationVector":"6dN7s1iv5irFk10AIui1xx.1","action":"SyncServerConnectionManagerRequest", "result":"SYNC_SERVER_OK", "context":{"environment":"Prod_WestEurope_000l", "migrationStage":"NotStarted", "server":"GENERAL01000001"}}
{"logTime": "1223/153433", "correlationVector":"6dN7s1iv5irFk10AIui1xx.2","action":"GetUpdates Response", "result":"SYNCER_OK", "context":Received 1 update(s). cV=6dN7s1iv5irFk10AIui1xx.0;server=GENERAL01000001;cloudType=Consumer;environment=Prod_WestEurope_000l;migrationStage=NotStarted}
{"logTime": "0106/141529", "correlationVector":"vuXzO7R616lHqQkSGTNCYF.1","action":"SyncServerConnectionManagerRequest", "result":"SYNC_SERVER_OK", "context":{"environment":"Prod_WestEurope_x00e", "migrationStage":"NotStarted", "server":"GENERAL0100002F"}}
{"logTime": "0106/141529", "correlationVector":"vuXzO7R616lHqQkSGTNCYF","action":"Initial GetUpdates", "result":"", "context":Reason: NEW_CLIENT. cV=vuXzO7R616lHqQkSGTNCYF}
{"logTime": "0106/141529", "correlationVector":"vuXzO7R616lHqQkSGTNCYF.2","action":"GetUpdates Response", "result":"SYNCER_OK", "context":Received 1 update(s). cV=vuXzO7R616lHqQkSGTNCYF.0;server=GENERAL0100002F;cloudType=Consumer;environment=Prod_WestEurope_x00e;migrationStage=NotStarted}
{"logTime": "0106/141529", "correlationVector":"Y/Q5Sd3QudQXCg0ZKoPHhz","action":"SyncServerConnectionManagerRequest", "result":"SYNC_SERVER_OK", "context":{"environment":"", "migrationStage":"", "server":""}}
{"logTime": "0106/141529", "correlationVector":"CHDq6H+wPIhaP1OgoEgqX0","action":"Normal GetUpdate request", "result":"", "context":cV=CHDq6H+wPIhaP1OgoEgqX0
Nudged types: Device Info
Refresh requested types: Device Info, User Consents, Send Tab To Self, Encryption Keys}
{"logTime": "0106/141529", "correlationVector":"CHDq6H+wPIhaP1OgoEgqX0.1","action":"SyncServerConnectionManagerRequest", "result":"SYNC_SERVER_OK", "context":{"environment":"Prod_WestEurope_x00e", "migrationStage":"NotStarted", "server":"GENERAL02000000"}}
{"logTime": "0106/141529", "correlationVector":"CHDq6H+wPIhaP1OgoEgqX0.2","action":"GetUpdates Response", "result":"SYNCER_OK", "context":Received 12 update(s). cV=CHDq6H+wPIhaP1OgoEgqX0.0;server=GENERAL02000000;cloudType=Consumer;environment=Prod_WestEurope_x00e;migrationStage=NotStarted}
{"logTime": "0106/141529", "correlationVector":"eAyOmaSgBr0PnFbE+iQz8o","action":"Poll GetUpdate request", "result":"", "context":cV=eAyOmaSgBr0PnFbE+iQz8o}
{"logTime": "0106/141529", "correlationVector":"eAyOmaSgBr0PnFbE+iQz8o.1","action":"SyncServerConnectionManagerRequest", "result":"SYNC_SERVER_OK", "context":{"environment":"Prod_WestEurope_x00e", "migrationStage":"NotStarted", "server":"GENERAL02000032"}}
{"logTime": "0106/141529", "correlationVector":"eAyOmaSgBr0PnFbE+iQz8o.2","action":"GetUpdates Response", "result":"SYNCER_OK", "context":Received 0 update(s). cV=eAyOmaSgBr0PnFbE+iQz8o.0;server=GENERAL02000032;cloudType=Consumer;environment=Prod_WestEurope_x00e;migrationStage=NotStarted}
{"logTime": "0106/141529", "correlationVector":"/v3auHr6uM0SOGEh5mM7eP","action":"Normal GetUpdate request", "result":"", "context":cV=/v3auHr6uM0SOGEh5mM7eP
Refresh requested types: Device Info, User Consents, Send Tab To Self, Encryption Keys}
{"logTime": "0106/141529", "correlationVector":"/v3auHr6uM0SOGEh5mM7eP.1","action":"SyncServerConnectionManagerRequest", "result":"SYNC_SERVER_OK", "context":{"environment":"Prod_WestEurope_x00e", "migrationStage":"NotStarted", "server":"GENERAL0100001P"}}
{"logTime": "0106/141530", "correlationVector":"/v3auHr6uM0SOGEh5mM7eP.2","action":"GetUpdates Response", "result":"SYNCER_OK", "context":Received 0 update(s). cV=/v3auHr6uM0SOGEh5mM7eP.0;server=GENERAL0100001P;cloudType=Consumer;environment=Prod_WestEurope_x00e;migrationStage=NotStarted}
{"logTime": "0106/141530", "correlationVector":"H72nv/XaCXO5TS+Jh1Gazb","action":"Initial GetUpdates", "result":"", "context":Reason: RECONFIGURATION. cV=H72nv/XaCXO5TS+Jh1Gazb}
{"logTime": "0106/141530", "correlationVector":"H72nv/XaCXO5TS+Jh1Gazb.1","action":"SyncServerConnectionManagerRequest", "result":"SYNC_SERVER_OK", "context":{"environment":"Prod_WestEurope_x00e", "migrationStage":"NotStarted", "server":"GENERAL0100002D"}}
{"logTime": "0106/141530", "correlationVector":"H72nv/XaCXO5TS+Jh1Gazb.2","action":"GetUpdates Response", "result":"SYNCER_OK", "context":Received 44 update(s). cV=H72nv/XaCXO5TS+Jh1Gazb.0;server=GENERAL0100002D;cloudType=Consumer;environment=Prod_WestEurope_x00e;migrationStage=NotStarted}
{"logTime": "0106/141530", "correlationVector":"DKoagXwmOmEmeOp6s9adwN","action":"Initial GetUpdates", "result":"", "context":Reason: RECONFIGURATION. cV=DKoagXwmOmEmeOp6s9adwN}
{"logTime": "0106/141530", "correlationVector":"DKoagXwmOmEmeOp6s9adwN.1","action":"SyncServerConnectionManagerRequest", "result":"SYNC_SERVER_OK", "context":{"environment":"Prod_WestEurope_x00e", "migrationStage":"NotStarted", "server":"GENERAL01000013"}}
{"logTime": "0106/141530", "correlationVector":"DKoagXwmOmEmeOp6s9adwN.2","action":"GetUpdates Response", "result":"SYNCER_OK", "context":Received 10 update(s). cV=DKoagXwmOmEmeOp6s9adwN.0;server=GENERAL01000013;cloudType=Consumer;environment=Prod_WestEurope_x00e;migrationStage=NotStarted}
{"logTime": "0106/141531", "correlationVector":"f48i23/MaFM1PWdVe7lyyK","action":"Initial GetUpdates", "result":"", "context":Reason: RECONFIGURATION. cV=f48i23/MaFM1PWdVe7lyyK}
{"logTime": "0106/141531", "correlationVector":"f48i23/MaFM1PWdVe7lyyK.1","action":"SyncServerConnectionManagerRequest", "result":"SYNC_SERVER_OK", "context":{"environment":"Prod_WestEurope_x00e", "migrationStage":"NotStarted", "server":"GENERAL02000022"}}
{"logTime": "0106/141531", "correlationVector":"f48i23/MaFM1PWdVe7lyyK.2","action":"GetUpdates", "result":"DeleteReceived", "context":{"id":"b910f5ab-a164-4d40-8c3f-ac092c7d2a84", "isDeleted:":"true", "version":"1702448279137"}}
{"logTime": "0106/141531", "correlationVector":"f48i23/MaFM1PWdVe7lyyK.3","action":"GetUpdates", "result":"DeleteReceived", "context":{"id":"0e5ab4ba-cfc3-4269-abb8-8fbecf5fb18c", "isDeleted:":"true", "version":"1702653320644"}}
{"logTime": "0106/141531", "correlationVector":"f48i23/MaFM1PWdVe7lyyK.4","action":"GetUpdates", "result":"DeleteReceived", "context":{"id":"dfe01ca6-aabe-4553-9727-5def65f7e8c1", "isDeleted:":"true", "version":"1702653320645"}}
{"logTime": "0106/141531", "correlationVector":"f48i23/MaFM1PWdVe7lyyK.5","action":"GetUpdates", "result":"DeleteReceived", "context":{"id":"071c6475-af83-468b-bbe3-6f5c53ccfa2a", "isDeleted:":"true", "version":"1703704923164"}}
{"logTime": "0106/141531", "correlationVector":"f48i23/MaFM1PWdVe7lyyK.6","action":"GetUpdates", "result":"DeleteReceived", "context":{"id":"341e1678-673d-49ce-bb51-ab1115d6dc83", "isDeleted:":"true", "version":"1703764770863"}}
{"logTime": "0106/141531", "correlationVector":"f48i23/MaFM1PWdVe7lyyK.7","action":"GetUpdates", "result":"DeleteReceived", "context":{"id":"0f1bde37-7207-4699-9ff7-4c20138c9c5f", "isDeleted:":"true", "version":"1703766221833"}}
{"logTime": "0106/141531", "correlationVector":"f48i23/MaFM1PWdVe7lyyK.8","action":"GetUpdates", "result":"DeleteReceived", "context":{"id":"5223cc9f-741c-495c-9acf-c6abd7be8310", "isDeleted:":"true", "version":"1703766268767"}}
{"logTime": "0106/141531", "correlationVector":"f48i23/MaFM1PWdVe7lyyK.9","action":"GetUpdates", "result":"DeleteReceived", "context":{"id":"75e27dff-fd48-4097-8d47-903db1031d36", "isDeleted:":"true", "version":"1703767395165"}}
{"logTime": "0106/141531", "correlationVector":"f48i23/MaFM1PWdVe7lyyK.10","action":"GetUpdates", "result":"DeleteReceived", "context":{"id":"4f7f729d-c7b5-4509-9901-ca2737e1816e", "isDeleted:":"true", "version":"1703767395166"}}
{"logTime": "0106/141531", "correlationVector":"f48i23/MaFM1PWdVe7lyyK.11","action":"GetUpdates", "result":"DeleteReceived", "context":{"id":"0497c25e-6487-4d80-90fe-f43ed5ae500c", "isDeleted:":"true", "version":"1703767492444"}}
{"logTime": "0106/141531", "correlationVector":"f48i23/MaFM1PWdVe7lyyK.12","action":"GetUpdates", "result":"DeleteReceived", "context":{"id":"9e6dd1d5-3e6c-4142-8a44-a11548ff4235", "isDeleted:":"true", "version":"1703846762415"}}
{"logTime": "0106/141531", "correlationVector":"f48i23/MaFM1PWdVe7lyyK.13","action":"GetUpdates", "result":"DeleteReceived", "context":{"id":"51867b38-a051-4aa2-a655-bf5ef4ba10de", "isDeleted:":"true", "version":"1703846762416"}}
{"logTime": "0106/141531", "correlationVector":"f48i23/MaFM1PWdVe7lyyK.14","action":"GetUpdates", "result":"DeleteReceived", "context":{"id":"73376f08-772a-4a28-8555-3d66696fbcd9", "isDeleted:":"true", "version":"1703846762418"}}
{"logTime": "0106/141531", "correlationVector":"f48i23/MaFM1PWdVe7lyyK.15","action":"GetUpdates", "result":"DeleteReceived", "context":{"id":"f3e11143-667e-4f5d-9717-c5567691b378", "isDeleted:":"true", "version":"1703846762419"}}
{"logTime": "0106/141531", "correlationVector":"f48i23/MaFM1PWdVe7lyyK.16","action":"GetUpdates", "result":"DeleteReceived", "context":{"id":"bd8638bf-897b-4558-a44a-7c1d2f22f2a8", "isDeleted:":"true", "version":"1704022851438"}}
{"logTime": "0106/141531", "correlationVector":"f48i23/MaFM1PWdVe7lyyK.17","action":"GetUpdates", "result":"DeleteReceived", "context":{"id":"639b2ba1-4750-49a5-9791-80e845eb9ac0", "isDeleted:":"true", "version":"1704189124574"}}
{"logTime": "0106/141531", "correlationVector":"f48i23/MaFM1PWdVe7lyyK.18","action":"GetUpdates", "result":"DeleteReceived", "context":{"id":"3ee7522d-ca4c-46ba-bd0d-f7502f9e3e01", "isDeleted:":"true", "version":"1704189322170"}}
{"logTime": "0106/141531", "correlationVector":"f48i23/MaFM1PWdVe7lyyK.19","action":"GetUpdates", "result":"DeleteReceived", "context":{"id":"165ad1fb-621a-4795-b3ae-37df22b57578", "isDeleted:":"true", "version":"1704189490962"}}
{"logTime": "0106/141531", "correlationVector":"f48i23/MaFM1PWdVe7lyyK.20","action":"GetUpdates", "result":"DeleteReceived", "context":{"id":"222e0d63-407b-4cb8-bc6c-3e0444e9f0ef", "isDeleted:":"true", "version":"1704189706454"}}
{"logTime": "0106/141531", "correlationVector":"f48i23/MaFM1PWdVe7lyyK.21","action":"GetUpdates", "result":"DeleteReceived", "context":{"id":"b5d15e4e-98bf-4f7d-afb9-17a02822fc37", "isDeleted:":"true", "version":"1704189931724"}}
{"logTime": "0106/141531", "correlationVector":"f48i23/MaFM1PWdVe7lyyK.22","action":"GetUpdates", "result":"DeleteReceived", "context":{"id":"d462bf20-892d-46e5-a8ef-ae0cf7b6454f", "isDeleted:":"true", "version":"1704189931726"}}
{"logTime": "0106/141531", "correlationVector":"f48i23/MaFM1PWdVe7lyyK.23","action":"GetUpdates", "result":"DeleteReceived", "context":{"id":"bf139769-4fff-44f1-9677-d463dd4104e6", "isDeleted:":"true", "version":"1704190102792"}}
{"logTime": "0106/141531", "correlationVector":"f48i23/MaFM1PWdVe7lyyK.24","action":"GetUpdates", "result":"DeleteReceived", "context":{"id":"36b123d6-be60-4785-a443-03d4e75d30ee", "isDeleted:":"true", "version":"1704190102794"}}
{"logTime": "0106/141531", "correlationVector":"f48i23/MaFM1PWdVe7lyyK.25","action":"GetUpdates", "result":"DeleteReceived", "context":{"id":"695d50a3-c94c-4e61-99c4-c7317e8213b3", "isDeleted:":"true", "version":"1704206086818"}}
{"logTime": "0106/141531", "correlationVector":"f48i23/MaFM1PWdVe7lyyK.26","action":"GetUpdates", "result":"DeleteReceived", "context":{"id":"7b143cf3-8c3a-4ff0-8036-814a0b7b7eae", "isDeleted:":"true", "version":"1704206086819"}}
{"logTime": "0106/141531", "correlationVector":"f48i23/MaFM1PWdVe7lyyK.27","action":"GetUpdates", "result":"DeleteReceived", "context":{"id":"0c79fcd2-02b1-4661-bb03-b0b87bf5f30e", "isDeleted:":"true", "version":"1704206306975"}}
{"logTime": "0106/141531", "correlationVector":"f48i23/MaFM1PWdVe7lyyK.28","action":"GetUpdates", "result":"DeleteReceived", "context":{"id":"e34e0e75-c25f-46dd-a36e-1864d94068bd", "isDeleted:":"true", "version":"1704206374075"}}
{"logTime": "0106/141531", "correlationVector":"f48i23/MaFM1PWdVe7lyyK.29","action":"GetUpdates", "result":"DeleteReceived", "context":{"id":"91292845-29f3-4fc9-933f-a56d4b1f4646", "isDeleted:":"true", "version":"1704217541161"}}
{"logTime": "0106/141531", "correlationVector":"f48i23/MaFM1PWdVe7lyyK.30","action":"GetUpdates", "result":"DeleteReceived", "context":{"id":"04999ecb-932b-4f31-bdcb-3da5e53a5fcf", "isDeleted:":"true", "version":"1704217541162"}}
{"logTime": "0106/141531", "correlationVector":"f48i23/MaFM1PWdVe7lyyK.31","action":"GetUpdates", "result":"DeleteReceived", "context":{"id":"48697596-e2dc-47f3-aaf1-7d35307db9da", "isDeleted:":"true", "version":"1704217541163"}}
{"logTime": "0106/141531", "correlationVector":"f48i23/MaFM1PWdVe7lyyK.32","action":"GetUpdates", "result":"DeleteReceived", "context":{"id":"862d59d8-1ecb-40a6-8c0e-472de76fe53d", "isDeleted:":"true", "version":"1704217541164"}}
{"logTime": "0106/141531", "correlationVector":"f48i23/MaFM1PWdVe7lyyK.33","action":"GetUpdates", "result":"DeleteReceived", "context":{"id":"b0c0d49a-52ed-489b-821b-c32d90e48654", "isDeleted:":"true", "version":"1704217622424"}}
{"logTime": "0106/141531", "correlationVector":"f48i23/MaFM1PWdVe7lyyK.34","action":"GetUpdates", "result":"DeleteReceived", "context":{"id":"5cff6ce0-8853-450a-94c8-6af476986835", "isDeleted:":"true", "version":"1704217622426"}}
{"logTime": "0106/141531", "correlationVector":"f48i23/MaFM1PWdVe7lyyK.35","action":"GetUpdates", "result":"DeleteReceived", "context":{"id":"338371a0-224a-4b5b-9cbe-02acb5f9a705", "isDeleted:":"true", "version":"1704374898283"}}
{"logTime": "0106/141531", "correlationVector":"f48i23/MaFM1PWdVe7lyyK.36","action":"GetUpdates", "result":"DeleteReceived", "context":{"id":"19114f15-c05b-4993-b731-6c026f074960", "isDeleted:":"true", "version":"1704383487277"}}
{"logTime": "0106/141531", "correlationVector":"f48i23/MaFM1PWdVe7lyyK.37","action":"GetUpdates", "result":"DeleteReceived", "context":{"id":"b0882ac3-ffb5-4bd3-b7e3-9595738e4b8b", "isDeleted:":"true", "version":"1704383487278"}}
{"logTime": "0106/141531", "correlationVector":"f48i23/MaFM1PWdVe7lyyK.38","action":"GetUpdates", "result":"DeleteReceived", "context":{"id":"1e7a25c6-7fd5-4653-a3f2-c3b854d0fc4a", "isDeleted:":"true", "version":"1704383487279"}}
{"logTime": "0106/141531", "correlationVector":"f48i23/MaFM1PWdVe7lyyK.39","action":"GetUpdates", "result":"DeleteReceived", "context":{"id":"a143c430-a2d6-4e52-b9e7-afd359a1fb78", "isDeleted:":"true", "version":"1704383487280"}}
{"logTime": "0106/141531", "correlationVector":"f48i23/MaFM1PWdVe7lyyK.40","action":"GetUpdates", "result":"DeleteReceived", "context":{"id":"aee4e7aa-80f2-43d8-b8fe-e447dfde440b", "isDeleted:":"true", "version":"1704445620725"}}
{"logTime": "0106/141531", "correlationVector":"f48i23/MaFM1PWdVe7lyyK.41","action":"GetUpdates", "result":"DeleteReceived", "context":{"id":"52a5d2d4-0562-43eb-9850-4d5e212132a6", "isDeleted:":"true", "version":"1704445620726"}}
{"logTime": "0106/141531", "correlationVector":"f48i23/MaFM1PWdVe7lyyK.42","action":"GetUpdates", "result":"DeleteReceived", "context":{"id":"82af462e-ec2a-449c-88a3-8479d829379c", "isDeleted:":"true", "version":"1704445620727"}}
{"logTime": "0106/141531", "correlationVector":"f48i23/MaFM1PWdVe7lyyK.43","action":"GetUpdates", "result":"DeleteReceived", "context":{"id":"34f9e550-05b2-460a-9ae2-219286cc1119", "isDeleted:":"true", "version":"1704445620728"}}
{"logTime": "0106/141531", "correlationVector":"f48i23/MaFM1PWdVe7lyyK.44","action":"GetUpdates", "result":"DeleteReceived", "context":{"id":"61dfc0ea-eac4-4a68-a2ea-35a15517a0b9", "isDeleted:":"true", "version":"1704537870514"}}
{"logTime": "0106/141531", "correlationVector":"f48i23/MaFM1PWdVe7lyyK.45","action":"GetUpdates", "result":"DeleteReceived", "context":{"id":"d4dabd54-0989-47f5-8e92-ac7a342baec7", "isDeleted:":"true", "version":"1704538682708"}}
{"logTime": "0106/141531", "correlationVector":"f48i23/MaFM1PWdVe7lyyK.46","action":"GetUpdates Response", "result":"SYNCER_OK", "context":Received 85 update(s). cV=f48i23/MaFM1PWdVe7lyyK.0;server=GENERAL02000022;cloudType=Consumer;environment=Prod_WestEurope_x00e;migrationStage=NotStarted}
{"logTime": "0106/141531", "correlationVector":"L7TyO8wGtoBoBrJ9/2WIUF","action":"Normal GetUpdate request", "result":"", "context":cV=L7TyO8wGtoBoBrJ9/2WIUF
Nudged types: Sessions, Device Info
Refresh requested types: Bookmarks, Preferences, Passwords, Autofill Profiles, Autofill, Autofill Custom Data, Typed URLs, Extensions, Sessions, Extension settings, History Delete Directives, Device Info, User Consents, Send Tab To Self, Web Apps, Collection, Edge E Drop, Edge Hub App Usage, Edge Wallet, Encryption Keys}
{"logTime": "0106/141531", "correlationVector":"L7TyO8wGtoBoBrJ9/2WIUF.1","action":"SyncServerConnectionManagerRequest", "result":"SYNC_SERVER_OK", "context":{"environment":"Prod_WestEurope_x00e", "migrationStage":"NotStarted", "server":"GENERAL0100002L"}}
{"logTime": "0106/141531", "correlationVector":"L7TyO8wGtoBoBrJ9/2WIUF.2","action":"GetUpdates Response", "result":"SYNCER_OK", "context":Received 0 update(s). cV=L7TyO8wGtoBoBrJ9/2WIUF.0;server=GENERAL0100002L;cloudType=Consumer;environment=Prod_WestEurope_x00e;migrationStage=NotStarted}
{"logTime": "0106/141531", "correlationVector":"XfiHLVJbdns5CrOsmxGQQl","action":"Commit Request", "result":"", "context":Item count: 1
Contributing types: Device Info}
{"logTime": "0106/141532", "correlationVector":"XfiHLVJbdns5CrOsmxGQQl.1","action":"SyncServerConnectionManagerRequest", "result":"SYNC_SERVER_OK", "context":{"environment":"Prod_WestEurope_x00e", "migrationStage":"NotStarted", "server":"GENERAL02000008"}}
{"logTime": "0106/141532", "correlationVector":"XfiHLVJbdns5CrOsmxGQQl.2","action":"Commit Response", "result":"SYNCER_OK", "context":Result: SYNCER_OK. cV=XfiHLVJbdns5CrOsmxGQQl.0;server=GENERAL02000008;cloudType=Consumer;environment=Prod_WestEurope_x00e;migrationStage=NotStarted}
{"logTime": "0106/141532", "correlationVector":"V7q/j1xQgVoOriMotICxdg","action":"Commit Request", "result":"", "context":Item count: 2
Contributing types: Sessions}
{"logTime": "0106/141532", "correlationVector":"V7q/j1xQgVoOriMotICxdg.1","action":"SyncServerConnectionManagerRequest", "result":"SYNC_SERVER_OK", "context":{"environment":"Prod_WestEurope_x00e", "migrationStage":"NotStarted", "server":"GENERAL0100000B"}}
{"logTime": "0106/141532", "correlationVector":"V7q/j1xQgVoOriMotICxdg.2","action":"Commit Response", "result":"SYNCER_OK", "context":Result: SYNCER_OK. cV=V7q/j1xQgVoOriMotICxdg.0;server=GENERAL0100000B;cloudType=Consumer;environment=Prod_WestEurope_x00e;migrationStage=NotStarted}
